<?xml version="1.0" encoding="UTF-8"?>
<testsuite name="com.inspiredandroid.kai.mcp.McpServerConfigTest" tests="8" skipped="0" failures="0" errors="0" timestamp="2026-08-18T00:35:27.564Z" hostname="db71298c03d4" time="0.004">
  <properties/>
  <testcase name="unknown fields are ignored when ignoreUnknownKeys is true" classname="com.inspiredandroid.kai.mcp.McpServerConfigTest" time="0.002"/>
  <testcase name="round trip preserves all fields" classname="com.inspiredandroid.kai.mcp.McpServerConfigTest" time="0.001"/>
  <testcase name="isEnabled defaults to true when absent in JSON" classname="com.inspiredandroid.kai.mcp.McpServerConfigTest" time="0.0"/>
  <testcase name="decoding fails when required field is missing" classname="com.inspiredandroid.kai.mcp.McpServerConfigTest" time="0.001"/>
  <testcase name="encoded JSON contains all fields" classname="com.inspiredandroid.kai.mcp.McpServerConfigTest" time="0.0"/>
  <testcase name="headers default to empty map when absent" classname="com.inspiredandroid.kai.mcp.McpServerConfigTest" time="0.0"/>
  <testcase name="decodes headers map correctly" classname="com.inspiredandroid.kai.mcp.McpServerConfigTest" time="0.0"/>
  <testcase name="equality is structural" classname="com.inspiredandroid.kai.mcp.McpServerConfigTest" time="0.0"/>
  <system-out><![CDATA[]]></system-out>
  <system-err><![CDATA[]]></system-err>
</testsuite>
