<?xml version="1.0" encoding="UTF-8"?>
<testsuite name="com.inspiredandroid.kai.data.AppSettingsExportImportTest" tests="48" skipped="0" failures="0" errors="0" timestamp="2026-08-18T00:35:12.722Z" hostname="db71298c03d4" time="0.11">
  <properties/>
  <testcase name="import does not double-append v1 to already-versioned base URL" classname="com.inspiredandroid.kai.data.AppSettingsExportImportTest" time="0.014"/>
  <testcase name="detectExportableSections shows Memory with count when memories exist" classname="com.inspiredandroid.kai.data.AppSettingsExportImportTest" time="0.0"/>
  <testcase name="import normalizes old-format OpenAI-compatible base URL by appending v1" classname="com.inspiredandroid.kai.data.AppSettingsExportImportTest" time="0.001"/>
  <testcase name="detectExportableSections shows Splinterlands when account is configured" classname="com.inspiredandroid.kai.data.AppSettingsExportImportTest" time="0.0"/>
  <testcase name="detectExportableSections hides Splinterlands without account" classname="com.inspiredandroid.kai.data.AppSettingsExportImportTest" time="0.0"/>
  <testcase name="import memories fallback path with invalid category defaults to GENERAL" classname="com.inspiredandroid.kai.data.AppSettingsExportImportTest" time="0.007"/>
  <testcase name="import with malformed field does not block other sections" classname="com.inspiredandroid.kai.data.AppSettingsExportImportTest" time="0.023"/>
  <testcase name="export does not include ui_scale" classname="com.inspiredandroid.kai.data.AppSettingsExportImportTest" time="0.0"/>
  <testcase name="import conversations with malformed entries skips invalid ones" classname="com.inspiredandroid.kai.data.AppSettingsExportImportTest" time="0.016"/>
  <testcase name="import with sections filter only imports selected sections" classname="com.inspiredandroid.kai.data.AppSettingsExportImportTest" time="0.0"/>
  <testcase name="detectExportableSections shows SMS when receive is enabled" classname="com.inspiredandroid.kai.data.AppSettingsExportImportTest" time="0.001"/>
  <testcase name="detectExportableSections shows MCP with count when servers exist" classname="com.inspiredandroid.kai.data.AppSettingsExportImportTest" time="0.0"/>
  <testcase name="export and import round-trips tool overrides" classname="com.inspiredandroid.kai.data.AppSettingsExportImportTest" time="0.0"/>
  <testcase name="exported JSON can be serialized and deserialized as string" classname="com.inspiredandroid.kai.data.AppSettingsExportImportTest" time="0.02"/>
  <testcase name="import tasks with invalid status defaults to PENDING" classname="com.inspiredandroid.kai.data.AppSettingsExportImportTest" time="0.003"/>
  <testcase name="export and import round-trips heartbeat settings" classname="com.inspiredandroid.kai.data.AppSettingsExportImportTest" time="0.0"/>
  <testcase name="import resets tool overrides before applying new" classname="com.inspiredandroid.kai.data.AppSettingsExportImportTest" time="0.001"/>
  <testcase name="import with replace mode resets unselected sections" classname="com.inspiredandroid.kai.data.AppSettingsExportImportTest" time="0.0"/>
  <testcase name="import with replace clears conversations when section not selected" classname="com.inspiredandroid.kai.data.AppSettingsExportImportTest" time="0.001"/>
  <testcase name="import tasks with missing id field auto-generates ids" classname="com.inspiredandroid.kai.data.AppSettingsExportImportTest" time="0.006"/>
  <testcase name="detectExportableSections hides Memory and Scheduling when arrays are empty" classname="com.inspiredandroid.kai.data.AppSettingsExportImportTest" time="0.001"/>
  <testcase name="export and import round-trips MCP servers" classname="com.inspiredandroid.kai.data.AppSettingsExportImportTest" time="0.0"/>
  <testcase name="export excludes daemon_enabled app_opens and encryption_key" classname="com.inspiredandroid.kai.data.AppSettingsExportImportTest" time="0.001"/>
  <testcase name="detect import sections finds conversations" classname="com.inspiredandroid.kai.data.AppSettingsExportImportTest" time="0.0"/>
  <testcase name="import memories with missing category defaults to GENERAL" classname="com.inspiredandroid.kai.data.AppSettingsExportImportTest" time="0.0"/>
  <testcase name="import does not restore daemon_enabled even if present in JSON" classname="com.inspiredandroid.kai.data.AppSettingsExportImportTest" time="0.0"/>
  <testcase name="export includes conversations when present" classname="com.inspiredandroid.kai.data.AppSettingsExportImportTest" time="0.0"/>
  <testcase name="detectExportableSections is empty for fresh settings" classname="com.inspiredandroid.kai.data.AppSettingsExportImportTest" time="0.001"/>
  <testcase name="import valid tasks round-trips unchanged" classname="com.inspiredandroid.kai.data.AppSettingsExportImportTest" time="0.001"/>
  <testcase name="export and import round-trips scheduling settings" classname="com.inspiredandroid.kai.data.AppSettingsExportImportTest" time="0.001"/>
  <testcase name="export includes version field" classname="com.inspiredandroid.kai.data.AppSettingsExportImportTest" time="0.0"/>
  <testcase name="export and import round-trips email settings" classname="com.inspiredandroid.kai.data.AppSettingsExportImportTest" time="0.0"/>
  <testcase name="export and import round-trips configured services and per-instance settings" classname="com.inspiredandroid.kai.data.AppSettingsExportImportTest" time="0.001"/>
  <testcase name="import memories fallback path preserves category" classname="com.inspiredandroid.kai.data.AppSettingsExportImportTest" time="0.001"/>
  <testcase name="detectExportableSections hides MCP when server list is empty" classname="com.inspiredandroid.kai.data.AppSettingsExportImportTest" time="0.0"/>
  <testcase name="v1 snapshot JSON imports correctly" classname="com.inspiredandroid.kai.data.AppSettingsExportImportTest" time="0.001"/>
  <testcase name="import conversations round-trips correctly" classname="com.inspiredandroid.kai.data.AppSettingsExportImportTest" time="0.001"/>
  <testcase name="export and import round-trips soul text" classname="com.inspiredandroid.kai.data.AppSettingsExportImportTest" time="0.0"/>
  <testcase name="import resets missing settings to defaults" classname="com.inspiredandroid.kai.data.AppSettingsExportImportTest" time="0.0"/>
  <testcase name="export and import round-trips memory settings" classname="com.inspiredandroid.kai.data.AppSettingsExportImportTest" time="0.0"/>
  <testcase name="export and import round-trips OpenAI-compatible custom model settings" classname="com.inspiredandroid.kai.data.AppSettingsExportImportTest" time="0.001"/>
  <testcase name="import with all valid fields returns zero errors" classname="com.inspiredandroid.kai.data.AppSettingsExportImportTest" time="0.0"/>
  <testcase name="detectExportableSections hides SMS when toggles are off" classname="com.inspiredandroid.kai.data.AppSettingsExportImportTest" time="0.0"/>
  <testcase name="import ignores unknown keys gracefully" classname="com.inspiredandroid.kai.data.AppSettingsExportImportTest" time="0.001"/>
  <testcase name="import with merge mode preserves unselected sections" classname="com.inspiredandroid.kai.data.AppSettingsExportImportTest" time="0.0"/>
  <testcase name="import clears old instance settings before applying new" classname="com.inspiredandroid.kai.data.AppSettingsExportImportTest" time="0.0"/>
  <testcase name="detectImportSections returns correct sections with counts" classname="com.inspiredandroid.kai.data.AppSettingsExportImportTest" time="0.001"/>
  <testcase name="export omits conversations when empty" classname="com.inspiredandroid.kai.data.AppSettingsExportImportTest" time="0.0"/>
  <system-out><![CDATA[]]></system-out>
  <system-err><![CDATA[]]></system-err>
</testsuite>
