<?xml version="1.0" encoding="UTF-8"?>
<testsuite name="com.inspiredandroid.kai.ui.chat.ToGroqMessageDtoImageTest" tests="3" skipped="0" failures="0" errors="0" timestamp="2026-08-18T00:35:28.255Z" hostname="db71298c03d4" time="0.001">
  <properties/>
  <testcase name="plain-text user message is always a JsonPrimitive regardless of flag" classname="com.inspiredandroid.kai.ui.chat.ToGroqMessageDtoImageTest" time="0.0"/>
  <testcase name="supportsImages=false flattens to plain JsonPrimitive and drops images" classname="com.inspiredandroid.kai.ui.chat.ToGroqMessageDtoImageTest" time="0.0"/>
  <testcase name="supportsImages=true emits image_url content-parts array" classname="com.inspiredandroid.kai.ui.chat.ToGroqMessageDtoImageTest" time="0.0"/>
  <system-out><![CDATA[]]></system-out>
  <system-err><![CDATA[]]></system-err>
</testsuite>
