<?xml version="1.0" encoding="UTF-8"?>
<testsuite name="com.inspiredandroid.kai.skills.GitHubSkillUrlTest" tests="6" skipped="0" failures="0" errors="0" timestamp="2026-08-18T00:35:27.745Z" hostname="db71298c03d4" time="0.002">
  <properties/>
  <testcase name="parses owner slash repo" classname="com.inspiredandroid.kai.skills.GitHubSkillUrlTest" time="0.001"/>
  <testcase name="returns null for too few segments" classname="com.inspiredandroid.kai.skills.GitHubSkillUrlTest" time="0.0"/>
  <testcase name="parses owner repo path assuming main" classname="com.inspiredandroid.kai.skills.GitHubSkillUrlTest" time="0.0"/>
  <testcase name="parses full https url" classname="com.inspiredandroid.kai.skills.GitHubSkillUrlTest" time="0.0"/>
  <testcase name="strips trailing slash" classname="com.inspiredandroid.kai.skills.GitHubSkillUrlTest" time="0.0"/>
  <testcase name="parses tree ref and path" classname="com.inspiredandroid.kai.skills.GitHubSkillUrlTest" time="0.0"/>
  <system-out><![CDATA[]]></system-out>
  <system-err><![CDATA[]]></system-err>
</testsuite>
