<?xml version="1.0" encoding="UTF-8"?>
<testsuite name="com.inspiredandroid.kai.data.ToolExecutorTest" tests="4" skipped="0" failures="0" errors="0" timestamp="2026-08-18T00:35:13.169Z" hostname="db71298c03d4" time="0.014">
  <properties/>
  <testcase name="executeTool reports a generic exception as an error result" classname="com.inspiredandroid.kai.data.ToolExecutorTest" time="0.005"/>
  <testcase name="executeTool propagates CancellationException instead of returning an error result" classname="com.inspiredandroid.kai.data.ToolExecutorTest" time="0.002"/>
  <testcase name="executeTool is cooperatively cancellable while a tool is running" classname="com.inspiredandroid.kai.data.ToolExecutorTest" time="0.004"/>
  <testcase name="executeTool reports a timeout as an error result" classname="com.inspiredandroid.kai.data.ToolExecutorTest" time="0.003"/>
  <system-out><![CDATA[]]></system-out>
  <system-err><![CDATA[]]></system-err>
</testsuite>
