<?xml version="1.0" encoding="UTF-8"?>
<testsuite name="com.inspiredandroid.kai.data.ModelTransformationsTest" tests="43" skipped="0" failures="0" errors="0" timestamp="2026-08-18T00:35:13.056Z" hostname="db71298c03d4" time="0.013">
  <properties/>
  <testcase name="ensureSelectedModelPresent marks existing id selected without duplicating" classname="com.inspiredandroid.kai.data.ModelTransformationsTest" time="0.003"/>
  <testcase name="mapAnthropicModels maps API display_name to displayName field" classname="com.inspiredandroid.kai.data.ModelTransformationsTest" time="0.001"/>
  <testcase name="newestFirstComparator sorts by release date then context window" classname="com.inspiredandroid.kai.data.ModelTransformationsTest" time="0.0"/>
  <testcase name="mapAnthropicModels marks selected model" classname="com.inspiredandroid.kai.data.ModelTransformationsTest" time="0.0"/>
  <testcase name="mapAnthropicModels fills contextWindow from catalog for known models" classname="com.inspiredandroid.kai.data.ModelTransformationsTest" time="0.0"/>
  <testcase name="mapAnthropicModels uses API created_at only when catalog has no date" classname="com.inspiredandroid.kai.data.ModelTransformationsTest" time="0.001"/>
  <testcase name="mapOpenAICompatibleModels catalog context_window wins over API" classname="com.inspiredandroid.kai.data.ModelTransformationsTest" time="0.0"/>
  <testcase name="mapGeminiModels filters out non-generateContent models" classname="com.inspiredandroid.kai.data.ModelTransformationsTest" time="0.0"/>
  <testcase name="mapOpenAICompatibleModels empty list" classname="com.inspiredandroid.kai.data.ModelTransformationsTest" time="0.0"/>
  <testcase name="mapOpenAICompatibleModels sortModelsById sorts alphabetically" classname="com.inspiredandroid.kai.data.ModelTransformationsTest" time="0.0"/>
  <testcase name="mapGeminiModels uses inputTokenLimit as context window" classname="com.inspiredandroid.kai.data.ModelTransformationsTest" time="0.0"/>
  <testcase name="ensureSelectedModelPresent injects into empty list" classname="com.inspiredandroid.kai.data.ModelTransformationsTest" time="0.0"/>
  <testcase name="mapOpenAICompatibleModels deduplication" classname="com.inspiredandroid.kai.data.ModelTransformationsTest" time="0.0"/>
  <testcase name="ensureSelectedModelPresent with empty id clears selection and manual drafts" classname="com.inspiredandroid.kai.data.ModelTransformationsTest" time="0.0"/>
  <testcase name="mapOpenAICompatibleModels marks Ollama Cloud free-tier models" classname="com.inspiredandroid.kai.data.ModelTransformationsTest" time="0.001"/>
  <testcase name="mapGeminiModels catalog contextWindow wins over API inputTokenLimit" classname="com.inspiredandroid.kai.data.ModelTransformationsTest" time="0.0"/>
  <testcase name="mapGeminiModels falls back to catalog displayName when API omits it" classname="com.inspiredandroid.kai.data.ModelTransformationsTest" time="0.0"/>
  <testcase name="ensureSelectedModelPresent drops manual entry when provider list contains the id" classname="com.inspiredandroid.kai.data.ModelTransformationsTest" time="0.0"/>
  <testcase name="ensureSelectedModelPresent replaces prior manual draft instead of accumulating" classname="com.inspiredandroid.kai.data.ModelTransformationsTest" time="0.0"/>
  <testcase name="mapAnthropicModels catalog releaseDate wins over API created_at" classname="com.inspiredandroid.kai.data.ModelTransformationsTest" time="0.0"/>
  <testcase name="mapOpenAICompatibleModels sorts by context_window descending when not sortModelsById" classname="com.inspiredandroid.kai.data.ModelTransformationsTest" time="0.001"/>
  <testcase name="mapOpenAICompatibleModels catalog wins over OpenRouter context_length and name" classname="com.inspiredandroid.kai.data.ModelTransformationsTest" time="0.0"/>
  <testcase name="mapOpenAICompatibleModels does not mark free on services without a free catalog" classname="com.inspiredandroid.kai.data.ModelTransformationsTest" time="0.0"/>
  <testcase name="mapOpenAICompatibleModels propagates created epoch as ISO releaseDate" classname="com.inspiredandroid.kai.data.ModelTransformationsTest" time="0.0"/>
  <testcase name="mapGeminiModels removes models prefix" classname="com.inspiredandroid.kai.data.ModelTransformationsTest" time="0.0"/>
  <testcase name="ensureSelectedModelPresent prepends custom id missing from list" classname="com.inspiredandroid.kai.data.ModelTransformationsTest" time="0.0"/>
  <testcase name="mapOpenAICompatibleModels catalog fills missing context_window for known models" classname="com.inspiredandroid.kai.data.ModelTransformationsTest" time="0.0"/>
  <testcase name="mapGeminiModels sorts newest first across versions" classname="com.inspiredandroid.kai.data.ModelTransformationsTest" time="0.0"/>
  <testcase name="mapGeminiModels catalog displayName wins over API displayName" classname="com.inspiredandroid.kai.data.ModelTransformationsTest" time="0.001"/>
  <testcase name="mapAnthropicModels falls back to catalog displayName when API omits it" classname="com.inspiredandroid.kai.data.ModelTransformationsTest" time="0.0"/>
  <testcase name="mapOpenAICompatibleModels marks selected model" classname="com.inspiredandroid.kai.data.ModelTransformationsTest" time="0.0"/>
  <testcase name="mapOpenAICompatibleModels OpenAI prefix filtering" classname="com.inspiredandroid.kai.data.ModelTransformationsTest" time="0.0"/>
  <testcase name="mapOpenAICompatibleModels propagates context_window to SettingsModel" classname="com.inspiredandroid.kai.data.ModelTransformationsTest" time="0.0"/>
  <testcase name="mapGeminiModels catalog fills releaseDate since API does not expose it" classname="com.inspiredandroid.kai.data.ModelTransformationsTest" time="0.0"/>
  <testcase name="mapOpenAICompatibleModels marks OpenRouter free-tier models" classname="com.inspiredandroid.kai.data.ModelTransformationsTest" time="0.0"/>
  <testcase name="mapAnthropicModels leaves displayName null when display_name and catalog both missing" classname="com.inspiredandroid.kai.data.ModelTransformationsTest" time="0.001"/>
  <testcase name="mapAnthropicModels empty list" classname="com.inspiredandroid.kai.data.ModelTransformationsTest" time="0.0"/>
  <testcase name="mapOpenAICompatibleModels non-strict active filtering keeps true and null" classname="com.inspiredandroid.kai.data.ModelTransformationsTest" time="0.0"/>
  <testcase name="mapOpenAICompatibleModels filterActiveStrictly keeps only isActive true" classname="com.inspiredandroid.kai.data.ModelTransformationsTest" time="0.0"/>
  <testcase name="mapGeminiModels marks selected model" classname="com.inspiredandroid.kai.data.ModelTransformationsTest" time="0.0"/>
  <testcase name="mapOpenAICompatibleModels filterByModelType keeps only chat type" classname="com.inspiredandroid.kai.data.ModelTransformationsTest" time="0.0"/>
  <testcase name="mapGeminiModels excludes nano banana and other non-chat variants" classname="com.inspiredandroid.kai.data.ModelTransformationsTest" time="0.0"/>
  <testcase name="mapOpenAICompatibleModels filterByModelType skipped when no types present" classname="com.inspiredandroid.kai.data.ModelTransformationsTest" time="0.0"/>
  <system-out><![CDATA[ModelCatalog miss: "made-up-model" (raw: "made-up-model")
ModelCatalog miss: "claude-made-up-no-catalog" (raw: "claude-made-up-no-catalog")
ModelCatalog miss: "zebra-model" (raw: "zebra-model")
ModelCatalog miss: "alpha-model" (raw: "alpha-model")
ModelCatalog miss: "mid-model" (raw: "mid-model")
ModelCatalog miss: "gemini-unknown-model" (raw: "gemini-unknown-model")
ModelCatalog miss: "model-a" (raw: "model-a")
ModelCatalog miss: "model-b" (raw: "model-b")
ModelCatalog miss: "gemma4:31b-cloud" (raw: "gemma4:31b-cloud")
ModelCatalog miss: "small" (raw: "small")
ModelCatalog miss: "large" (raw: "large")
ModelCatalog miss: "medium" (raw: "medium")
ModelCatalog miss: "m1" (raw: "m1")
ModelCatalog miss: "m2" (raw: "m2")
ModelCatalog miss: "chatgpt-4o" (raw: "chatgpt-4o")
ModelCatalog miss: "made-up-no-catalog-entry" (raw: "made-up-no-catalog-entry")
]]></system-out>
  <system-err><![CDATA[]]></system-err>
</testsuite>
