<?xml version="1.0" encoding="UTF-8"?>
<testsuite name="com.inspiredandroid.kai.gateway.UrlNormalizationTest" tests="8" skipped="0" failures="0" errors="0" timestamp="2026-08-18T00:35:13.195Z" hostname="db71298c03d4" time="0.006">
  <properties/>
  <testcase name="litert local adapter has no http endpoint" classname="com.inspiredandroid.kai.gateway.UrlNormalizationTest" time="0.004"/>
  <testcase name="protocol adapters resolve chat endpoints per convention" classname="com.inspiredandroid.kai.gateway.UrlNormalizationTest" time="0.0"/>
  <testcase name="ensureVersionPath adds version exactly once" classname="com.inspiredandroid.kai.gateway.UrlNormalizationTest" time="0.001"/>
  <testcase name="all declared protocol ids resolve roundtrip" classname="com.inspiredandroid.kai.gateway.UrlNormalizationTest" time="0.0"/>
  <testcase name="normalizeBaseUrl strips trailing slash" classname="com.inspiredandroid.kai.gateway.UrlNormalizationTest" time="0.0"/>
  <testcase name="unknown protocol id defaults to openai chat completions" classname="com.inspiredandroid.kai.gateway.UrlNormalizationTest" time="0.0"/>
  <testcase name="ensureVersionPath preserves custom sub-paths" classname="com.inspiredandroid.kai.gateway.UrlNormalizationTest" time="0.0"/>
  <testcase name="joinPath handles empty base" classname="com.inspiredandroid.kai.gateway.UrlNormalizationTest" time="0.001"/>
  <system-out><![CDATA[]]></system-out>
  <system-err><![CDATA[]]></system-err>
</testsuite>
