<?xml version="1.0" encoding="UTF-8"?>
<testsuite name="com.inspiredandroid.kai.ui.settings.SplinterlandsViewModelTest" tests="4" skipped="0" failures="0" errors="0" timestamp="2026-08-18T00:35:28.848Z" hostname="db71298c03d4" time="0.017">
  <properties/>
  <testcase name="onReorderSplinterlandsServices changes priority order" classname="com.inspiredandroid.kai.ui.settings.SplinterlandsViewModelTest" time="0.009"/>
  <testcase name="initial splinterlands instanceIds is empty" classname="com.inspiredandroid.kai.ui.settings.SplinterlandsViewModelTest" time="0.003"/>
  <testcase name="onRemoveSplinterlandsService removes service from list" classname="com.inspiredandroid.kai.ui.settings.SplinterlandsViewModelTest" time="0.003"/>
  <testcase name="onAddSplinterlandsService adds service to list" classname="com.inspiredandroid.kai.ui.settings.SplinterlandsViewModelTest" time="0.002"/>
  <system-out><![CDATA[]]></system-out>
  <system-err><![CDATA[]]></system-err>
</testsuite>
