<?xml version="1.0" encoding="UTF-8"?>
<testsuite name="com.inspiredandroid.kai.ui.chat.composables.DetectSlashQueryTest" tests="7" skipped="0" failures="0" errors="0" timestamp="2026-08-18T00:35:28.259Z" hostname="db71298c03d4" time="0.002">
  <properties/>
  <testcase name="null when cursor is past the first space" classname="com.inspiredandroid.kai.ui.chat.composables.DetectSlashQueryTest" time="0.001"/>
  <testcase name="returns token while typing slash command" classname="com.inspiredandroid.kai.ui.chat.composables.DetectSlashQueryTest" time="0.0"/>
  <testcase name="null when slash is not leading" classname="com.inspiredandroid.kai.ui.chat.composables.DetectSlashQueryTest" time="0.001"/>
  <testcase name="lowercases the query" classname="com.inspiredandroid.kai.ui.chat.composables.DetectSlashQueryTest" time="0.0"/>
  <testcase name="returns full token when cursor sits within the token before a space" classname="com.inspiredandroid.kai.ui.chat.composables.DetectSlashQueryTest" time="0.0"/>
  <testcase name="returns empty string right after slash" classname="com.inspiredandroid.kai.ui.chat.composables.DetectSlashQueryTest" time="0.0"/>
  <testcase name="null for plain text" classname="com.inspiredandroid.kai.ui.chat.composables.DetectSlashQueryTest" time="0.0"/>
  <system-out><![CDATA[]]></system-out>
  <system-err><![CDATA[]]></system-err>
</testsuite>
