<?xml version="1.0" encoding="UTF-8"?>
<testsuite name="com.inspiredandroid.kai.data.CronExpressionTest" tests="22" skipped="0" failures="0" errors="0" timestamp="2026-08-18T00:35:12.900Z" hostname="db71298c03d4" time="0.128">
  <properties/>
  <testcase name="rejects non-numeric values" classname="com.inspiredandroid.kai.data.CronExpressionTest" time="0.003"/>
  <testcase name="parses step expression" classname="com.inspiredandroid.kai.data.CronExpressionTest" time="0.006"/>
  <testcase name="nextAfter crosses year boundary" classname="com.inspiredandroid.kai.data.CronExpressionTest" time="0.0"/>
  <testcase name="parses comma list expression" classname="com.inspiredandroid.kai.data.CronExpressionTest" time="0.001"/>
  <testcase name="accepts whitespace variations" classname="com.inspiredandroid.kai.data.CronExpressionTest" time="0.0"/>
  <testcase name="parses specific value expression" classname="com.inspiredandroid.kai.data.CronExpressionTest" time="0.0"/>
  <testcase name="nextAfter returns null when no match within search horizon" classname="com.inspiredandroid.kai.data.CronExpressionTest" time="0.105"/>
  <testcase name="parses star expression" classname="com.inspiredandroid.kai.data.CronExpressionTest" time="0.001"/>
  <testcase name="nextAfter specific day of week" classname="com.inspiredandroid.kai.data.CronExpressionTest" time="0.0"/>
  <testcase name="rejects malformed step" classname="com.inspiredandroid.kai.data.CronExpressionTest" time="0.0"/>
  <testcase name="rejects expression with wrong field count" classname="com.inspiredandroid.kai.data.CronExpressionTest" time="0.005"/>
  <testcase name="nextAfter specific month and day" classname="com.inspiredandroid.kai.data.CronExpressionTest" time="0.0"/>
  <testcase name="nextAfter with star fields fires next minute" classname="com.inspiredandroid.kai.data.CronExpressionTest" time="0.0"/>
  <testcase name="nextAfter crosses month boundary" classname="com.inspiredandroid.kai.data.CronExpressionTest" time="0.001"/>
  <testcase name="nextAfter specific day of month" classname="com.inspiredandroid.kai.data.CronExpressionTest" time="0.0"/>
  <testcase name="nextAfter every 30 minutes" classname="com.inspiredandroid.kai.data.CronExpressionTest" time="0.0"/>
  <testcase name="nextAfter top of every hour" classname="com.inspiredandroid.kai.data.CronExpressionTest" time="0.0"/>
  <testcase name="parses range expression" classname="com.inspiredandroid.kai.data.CronExpressionTest" time="0.001"/>
  <testcase name="nextAfter Monday morning" classname="com.inspiredandroid.kai.data.CronExpressionTest" time="0.0"/>
  <testcase name="nextAfter weekday range" classname="com.inspiredandroid.kai.data.CronExpressionTest" time="0.0"/>
  <testcase name="nextAfter daily 9am" classname="com.inspiredandroid.kai.data.CronExpressionTest" time="0.0"/>
  <testcase name="nextAfter handles leap year February 29" classname="com.inspiredandroid.kai.data.CronExpressionTest" time="0.0"/>
  <system-out><![CDATA[]]></system-out>
  <system-err><![CDATA[]]></system-err>
</testsuite>
