<?xml version="1.0" encoding="UTF-8"?>
<testsuite name="com.inspiredandroid.kai.tools.LocalNetworkUrlTest" tests="6" skipped="0" failures="0" errors="0" timestamp="2026-08-18T00:35:27.913Z" hostname="db71298c03d4" time="0.001">
  <properties/>
  <testcase name="private ipv4 hosts are local" classname="com.inspiredandroid.kai.tools.LocalNetworkUrlTest" time="0.001"/>
  <testcase name="mdns and bare hostnames are local" classname="com.inspiredandroid.kai.tools.LocalNetworkUrlTest" time="0.0"/>
  <testcase name="loopback is not gated" classname="com.inspiredandroid.kai.tools.LocalNetworkUrlTest" time="0.0"/>
  <testcase name="public hosts are not local" classname="com.inspiredandroid.kai.tools.LocalNetworkUrlTest" time="0.0"/>
  <testcase name="blank url is not local" classname="com.inspiredandroid.kai.tools.LocalNetworkUrlTest" time="0.0"/>
  <testcase name="ipv6 link-local and unique-local are local" classname="com.inspiredandroid.kai.tools.LocalNetworkUrlTest" time="0.0"/>
  <system-out><![CDATA[]]></system-out>
  <system-err><![CDATA[]]></system-err>
</testsuite>
