<?xml version="1.0" encoding="UTF-8"?>
<testsuite name="com.inspiredandroid.kai.ui.markdown.MarkdownToSpeakableTextTest" tests="18" skipped="0" failures="0" errors="0" timestamp="2026-08-18T00:35:28.374Z" hostname="db71298c03d4" time="0.004">
  <properties/>
  <testcase name="table reads headers and rows" classname="com.inspiredandroid.kai.ui.markdown.MarkdownToSpeakableTextTest" time="0.0"/>
  <testcase name="mixed markdown document" classname="com.inspiredandroid.kai.ui.markdown.MarkdownToSpeakableTextTest" time="0.001"/>
  <testcase name="strips headers" classname="com.inspiredandroid.kai.ui.markdown.MarkdownToSpeakableTextTest" time="0.0"/>
  <testcase name="blockquote yields inner text" classname="com.inspiredandroid.kai.ui.markdown.MarkdownToSpeakableTextTest" time="0.001"/>
  <testcase name="horizontal rules become empty" classname="com.inspiredandroid.kai.ui.markdown.MarkdownToSpeakableTextTest" time="0.0"/>
  <testcase name="multiple blank lines collapse to single paragraph break" classname="com.inspiredandroid.kai.ui.markdown.MarkdownToSpeakableTextTest" time="0.0"/>
  <testcase name="unordered list items get period separator" classname="com.inspiredandroid.kai.ui.markdown.MarkdownToSpeakableTextTest" time="0.0"/>
  <testcase name="strips strikethrough" classname="com.inspiredandroid.kai.ui.markdown.MarkdownToSpeakableTextTest" time="0.0"/>
  <testcase name="strips inline code keeping text" classname="com.inspiredandroid.kai.ui.markdown.MarkdownToSpeakableTextTest" time="0.0"/>
  <testcase name="plain text passes through unchanged" classname="com.inspiredandroid.kai.ui.markdown.MarkdownToSpeakableTextTest" time="0.0"/>
  <testcase name="strips italic" classname="com.inspiredandroid.kai.ui.markdown.MarkdownToSpeakableTextTest" time="0.001"/>
  <testcase name="strips links keeping text" classname="com.inspiredandroid.kai.ui.markdown.MarkdownToSpeakableTextTest" time="0.0"/>
  <testcase name="list items keep existing end punctuation" classname="com.inspiredandroid.kai.ui.markdown.MarkdownToSpeakableTextTest" time="0.0"/>
  <testcase name="strips bold" classname="com.inspiredandroid.kai.ui.markdown.MarkdownToSpeakableTextTest" time="0.0"/>
  <testcase name="drops code block entirely" classname="com.inspiredandroid.kai.ui.markdown.MarkdownToSpeakableTextTest" time="0.0"/>
  <testcase name="ordered list items get period separator" classname="com.inspiredandroid.kai.ui.markdown.MarkdownToSpeakableTextTest" time="0.0"/>
  <testcase name="strips images keeping alt text" classname="com.inspiredandroid.kai.ui.markdown.MarkdownToSpeakableTextTest" time="0.001"/>
  <testcase name="strips bold and italic combined" classname="com.inspiredandroid.kai.ui.markdown.MarkdownToSpeakableTextTest" time="0.0"/>
  <system-out><![CDATA[]]></system-out>
  <system-err><![CDATA[]]></system-err>
</testsuite>
