<?xml version="1.0" encoding="UTF-8"?>
<testsuite name="com.inspiredandroid.kai.splinterlands.SplinterlandsTeamPickerPromptTest" tests="8" skipped="0" failures="0" errors="0" timestamp="2026-08-18T00:35:27.898Z" hostname="db71298c03d4" time="0.014">
  <properties/>
  <testcase name="user message numbers summoners S1-Sn and monsters M1-Mn" classname="com.inspiredandroid.kai.splinterlands.SplinterlandsTeamPickerPromptTest" time="0.008"/>
  <testcase name="system prompt interpolates mana_cap and max_monsters" classname="com.inspiredandroid.kai.splinterlands.SplinterlandsTeamPickerPromptTest" time="0.001"/>
  <testcase name="conscript summoners are tagged CONSCRIPT in the user message" classname="com.inspiredandroid.kai.splinterlands.SplinterlandsTeamPickerPromptTest" time="0.001"/>
  <testcase name="gladiator monsters are tagged GLAD in the user message" classname="com.inspiredandroid.kai.splinterlands.SplinterlandsTeamPickerPromptTest" time="0.0"/>
  <testcase name="idMap maps numbered ids back to uids" classname="com.inspiredandroid.kai.splinterlands.SplinterlandsTeamPickerPromptTest" time="0.001"/>
  <testcase name="custom rulesets appear in the system prompt" classname="com.inspiredandroid.kai.splinterlands.SplinterlandsTeamPickerPromptTest" time="0.001"/>
  <testcase name="unplayable monsters are filtered out before numbering" classname="com.inspiredandroid.kai.splinterlands.SplinterlandsTeamPickerPromptTest" time="0.0"/>
  <testcase name="user message ends with the JSON response schema instruction" classname="com.inspiredandroid.kai.splinterlands.SplinterlandsTeamPickerPromptTest" time="0.0"/>
  <system-out><![CDATA[]]></system-out>
  <system-err><![CDATA[]]></system-err>
</testsuite>
