<?xml version="1.0" encoding="UTF-8"?>
<testsuite name="com.inspiredandroid.kai.data.SettingsJsonTest" tests="11" skipped="0" failures="0" errors="0" timestamp="2026-08-18T00:35:13.072Z" hostname="db71298c03d4" time="0.085">
  <properties/>
  <testcase name="migrate hook upgrades rows and persists the upgrade once" classname="com.inspiredandroid.kai.data.SettingsJsonTest" time="0.007"/>
  <testcase name="value falls back to the default when unwritten or corrupt" classname="com.inspiredandroid.kai.data.SettingsJsonTest" time="0.002"/>
  <testcase name="unwritten list reads as empty without writing" classname="com.inspiredandroid.kai.data.SettingsJsonTest" time="0.001"/>
  <testcase name="onWrite observes every write but not reads" classname="com.inspiredandroid.kai.data.SettingsJsonTest" time="0.064"/>
  <testcase name="update round-trips through the persisted string" classname="com.inspiredandroid.kai.data.SettingsJsonTest" time="0.002"/>
  <testcase name="recover hook reads a legacy shape that no longer decodes" classname="com.inspiredandroid.kai.data.SettingsJsonTest" time="0.001"/>
  <testcase name="corrupt list degrades to empty and leaves the raw value alone" classname="com.inspiredandroid.kai.data.SettingsJsonTest" time="0.0"/>
  <testcase name="a fresh install reads an empty task list without touching settings" classname="com.inspiredandroid.kai.data.SettingsJsonTest" time="0.001"/>
  <testcase name="value update round-trips" classname="com.inspiredandroid.kai.data.SettingsJsonTest" time="0.006"/>
  <testcase name="a write behind the accessor's back is picked up on the next read" classname="com.inspiredandroid.kai.data.SettingsJsonTest" time="0.0"/>
  <testcase name="a blank tasks blob reads as empty" classname="com.inspiredandroid.kai.data.SettingsJsonTest" time="0.0"/>
  <system-out><![CDATA[test: failed to decode persisted JSON: Unexpected JSON token at offset 0: Expected start of the object '{', but had ']' instead at path: $
JSON input: ]]not json[[
test: failed to decode persisted JSON: Unexpected JSON token at offset 0: Expected start of the array '[', but had '{' instead at path: $
JSON input: {not json at all
]]></system-out>
  <system-err><![CDATA[]]></system-err>
</testsuite>
