<?xml version="1.0" encoding="UTF-8"?>
<testsuite name="com.inspiredandroid.kai.ui.SandboxUriHandlerTest" tests="6" skipped="0" failures="0" errors="0" timestamp="2026-08-18T00:35:27.997Z" hostname="db71298c03d4" time="0.003">
  <properties/>
  <testcase name="percent escapes are decoded" classname="com.inspiredandroid.kai.ui.SandboxUriHandlerTest" time="0.002"/>
  <testcase name="bare absolute path maps to itself" classname="com.inspiredandroid.kai.ui.SandboxUriHandlerTest" time="0.0"/>
  <testcase name="mailto and other schemes are not sandbox paths" classname="com.inspiredandroid.kai.ui.SandboxUriHandlerTest" time="0.0"/>
  <testcase name="relative link is not a sandbox path" classname="com.inspiredandroid.kai.ui.SandboxUriHandlerTest" time="0.0"/>
  <testcase name="http and https links are not sandbox paths" classname="com.inspiredandroid.kai.ui.SandboxUriHandlerTest" time="0.0"/>
  <testcase name="file scheme link maps to sandbox path" classname="com.inspiredandroid.kai.ui.SandboxUriHandlerTest" time="0.0"/>
  <system-out><![CDATA[]]></system-out>
  <system-err><![CDATA[]]></system-err>
</testsuite>
