<?xml version="1.0" encoding="UTF-8"?>
<testsuite name="com.inspiredandroid.kai.tools.ToolDefinitionsTest" tests="5" skipped="0" failures="0" errors="0" timestamp="2026-08-18T00:35:27.965Z" hostname="db71298c03d4" time="0.031">
  <properties/>
  <testcase name="definitionIdsAreUnique" classname="com.inspiredandroid.kai.tools.ToolDefinitionsTest" time="0.028"/>
  <testcase name="everyMemoryToolHasADefinition" classname="com.inspiredandroid.kai.tools.ToolDefinitionsTest" time="0.002"/>
  <testcase name="notificationToolDefinitionsAreRegistered" classname="com.inspiredandroid.kai.tools.ToolDefinitionsTest" time="0.0"/>
  <testcase name="masterToggleControlledToolsAreNotUserToggleable" classname="com.inspiredandroid.kai.tools.ToolDefinitionsTest" time="0.0"/>
  <testcase name="everyCommonToolHasADefinition" classname="com.inspiredandroid.kai.tools.ToolDefinitionsTest" time="0.0"/>
  <system-out><![CDATA[]]></system-out>
  <system-err><![CDATA[]]></system-err>
</testsuite>
