<?xml version="1.0" encoding="UTF-8"?>
<testsuite name="com.inspiredandroid.kai.ModelFormattingTest" tests="8" skipped="0" failures="0" errors="0" timestamp="2026-08-18T00:35:12.631Z" hostname="db71298c03d4" time="0.012">
  <properties/>
  <testcase name="formatContextWindow renders millions" classname="com.inspiredandroid.kai.ModelFormattingTest" time="0.003"/>
  <testcase name="formatContextWindow renders thousands" classname="com.inspiredandroid.kai.ModelFormattingTest" time="0.0"/>
  <testcase name="formatContextWindow renders small counts verbatim" classname="com.inspiredandroid.kai.ModelFormattingTest" time="0.001"/>
  <testcase name="formatReleaseDate accepts year-month" classname="com.inspiredandroid.kai.ModelFormattingTest" time="0.005"/>
  <testcase name="formatReleaseDate falls back on invalid input" classname="com.inspiredandroid.kai.ModelFormattingTest" time="0.0"/>
  <testcase name="formatReleaseDate accepts full iso date" classname="com.inspiredandroid.kai.ModelFormattingTest" time="0.0"/>
  <testcase name="toIsoDate converts epoch seconds to iso date" classname="com.inspiredandroid.kai.ModelFormattingTest" time="0.003"/>
  <testcase name="toIsoDate returns null for zero or negative epoch" classname="com.inspiredandroid.kai.ModelFormattingTest" time="0.0"/>
  <system-out><![CDATA[]]></system-out>
  <system-err><![CDATA[]]></system-err>
</testsuite>
