<?xml version="1.0" encoding="UTF-8"?>
<testsuite name="com.inspiredandroid.kai.ui.markdown.EmojiShortcodeTest" tests="3" skipped="0" failures="0" errors="0" timestamp="2026-08-18T00:35:28.363Z" hostname="db71298c03d4" time="0.001">
  <properties/>
  <testcase name="maps common shortcodes to emoji" classname="com.inspiredandroid.kai.ui.markdown.EmojiShortcodeTest" time="0.0"/>
  <testcase name="shortcodes work inside emphasis" classname="com.inspiredandroid.kai.ui.markdown.EmojiShortcodeTest" time="0.0"/>
  <testcase name="unknown shortcode is left as literal text" classname="com.inspiredandroid.kai.ui.markdown.EmojiShortcodeTest" time="0.0"/>
  <system-out><![CDATA[]]></system-out>
  <system-err><![CDATA[]]></system-err>
</testsuite>
