<?xml version="1.0" encoding="UTF-8"?>
<testsuite name="com.inspiredandroid.kai.ui.markdown.InlineParsingTest" tests="23" skipped="0" failures="0" errors="0" timestamp="2026-08-18T00:35:28.365Z" hostname="db71298c03d4" time="0.006">
  <properties/>
  <testcase name="strong span wraps multiple inline code spans" classname="com.inspiredandroid.kai.ui.markdown.InlineParsingTest" time="0.001"/>
  <testcase name="emphasis with single underscore" classname="com.inspiredandroid.kai.ui.markdown.InlineParsingTest" time="0.0"/>
  <testcase name="inline code" classname="com.inspiredandroid.kai.ui.markdown.InlineParsingTest" time="0.0"/>
  <testcase name="strong with double underscores" classname="com.inspiredandroid.kai.ui.markdown.InlineParsingTest" time="0.0"/>
  <testcase name="strong span wraps inline code" classname="com.inspiredandroid.kai.ui.markdown.InlineParsingTest" time="0.001"/>
  <testcase name="intraword asterisks do form emphasis" classname="com.inspiredandroid.kai.ui.markdown.InlineParsingTest" time="0.0"/>
  <testcase name="backslash escape of backtick" classname="com.inspiredandroid.kai.ui.markdown.InlineParsingTest" time="0.0"/>
  <testcase name="pathological backslash run does not hang the parser" classname="com.inspiredandroid.kai.ui.markdown.InlineParsingTest" time="0.0"/>
  <testcase name="emphasis with single asterisk" classname="com.inspiredandroid.kai.ui.markdown.InlineParsingTest" time="0.001"/>
  <testcase name="unclosed emphasis degrades to literal" classname="com.inspiredandroid.kai.ui.markdown.InlineParsingTest" time="0.0"/>
  <testcase name="intraword underscores do not form emphasis" classname="com.inspiredandroid.kai.ui.markdown.InlineParsingTest" time="0.0"/>
  <testcase name="mixed bold and italic" classname="com.inspiredandroid.kai.ui.markdown.InlineParsingTest" time="0.0"/>
  <testcase name="link produces Link with href and children" classname="com.inspiredandroid.kai.ui.markdown.InlineParsingTest" time="0.0"/>
  <testcase name="strike with tildes" classname="com.inspiredandroid.kai.ui.markdown.InlineParsingTest" time="0.001"/>
  <testcase name="strong with double asterisks" classname="com.inspiredandroid.kai.ui.markdown.InlineParsingTest" time="0.0"/>
  <testcase name="nested emphasis inside strong" classname="com.inspiredandroid.kai.ui.markdown.InlineParsingTest" time="0.0"/>
  <testcase name="backslash escape of asterisk" classname="com.inspiredandroid.kai.ui.markdown.InlineParsingTest" time="0.0"/>
  <testcase name="inline code with special chars inside" classname="com.inspiredandroid.kai.ui.markdown.InlineParsingTest" time="0.001"/>
  <testcase name="plain text is a single Text node" classname="com.inspiredandroid.kai.ui.markdown.InlineParsingTest" time="0.0"/>
  <testcase name="image produces Image with src and alt" classname="com.inspiredandroid.kai.ui.markdown.InlineParsingTest" time="0.0"/>
  <testcase name="hard line break from trailing double space" classname="com.inspiredandroid.kai.ui.markdown.InlineParsingTest" time="0.001"/>
  <testcase name="emphasis asterisks inside inline code are not delimiters" classname="com.inspiredandroid.kai.ui.markdown.InlineParsingTest" time="0.0"/>
  <testcase name="unclosed strong degrades to literal" classname="com.inspiredandroid.kai.ui.markdown.InlineParsingTest" time="0.0"/>
  <system-out><![CDATA[]]></system-out>
  <system-err><![CDATA[]]></system-err>
</testsuite>
