<?xml version="1.0" encoding="UTF-8"?>
<testsuite name="com.inspiredandroid.kai.linux.LinuxDistroTest" tests="9" skipped="0" failures="0" errors="0" timestamp="2026-08-18T00:35:27.561Z" hostname="db71298c03d4" time="0.002">
  <properties/>
  <testcase name="ids round-trip so a stored setting survives" classname="com.inspiredandroid.kai.linux.LinuxDistroTest" time="0.001"/>
  <testcase name="debian base carries what the coding-agent installers need" classname="com.inspiredandroid.kai.linux.LinuxDistroTest" time="0.0"/>
  <testcase name="bash is always present because every shell session execs it" classname="com.inspiredandroid.kai.linux.LinuxDistroTest" time="0.0"/>
  <testcase name="base and optional sets do not overlap" classname="com.inspiredandroid.kai.linux.LinuxDistroTest" time="0.001"/>
  <testcase name="unknown or missing id falls back to the default rather than throwing" classname="com.inspiredandroid.kai.linux.LinuxDistroTest" time="0.0"/>
  <testcase name="debian is the default and legacy installs are alpine" classname="com.inspiredandroid.kai.linux.LinuxDistroTest" time="0.0"/>
  <testcase name="optional bundle carries the remote-server tooling the shell tool advertises" classname="com.inspiredandroid.kai.linux.LinuxDistroTest" time="0.0"/>
  <testcase name="optional packages are never protected so the Packages tab can remove them" classname="com.inspiredandroid.kai.linux.LinuxDistroTest" time="0.0"/>
  <testcase name="each distro uses its own package manager" classname="com.inspiredandroid.kai.linux.LinuxDistroTest" time="0.0"/>
  <system-out><![CDATA[]]></system-out>
  <system-err><![CDATA[]]></system-err>
</testsuite>
