<?xml version="1.0" encoding="UTF-8"?>
<testsuite name="com.inspiredandroid.kai.network.FreeProviderSuggestionsTriggerTest" tests="8" skipped="0" failures="0" errors="0" timestamp="2026-08-18T00:35:27.573Z" hostname="db71298c03d4" time="0.005">
  <properties/>
  <testcase name="invalid api key with no services does not show suggestions" classname="com.inspiredandroid.kai.network.FreeProviderSuggestionsTriggerTest" time="0.002"/>
  <testcase name="isFreeCapacityError only matches capacity failures" classname="com.inspiredandroid.kai.network.FreeProviderSuggestionsTriggerTest" time="0.001"/>
  <testcase name="unrelated provider error does not show suggestions" classname="com.inspiredandroid.kai.network.FreeProviderSuggestionsTriggerTest" time="0.0"/>
  <testcase name="rate limit with configured services does not show suggestions" classname="com.inspiredandroid.kai.network.FreeProviderSuggestionsTriggerTest" time="0.0"/>
  <testcase name="rate limit with no services shows free provider suggestions" classname="com.inspiredandroid.kai.network.FreeProviderSuggestionsTriggerTest" time="0.0"/>
  <testcase name="free provider catalog lists top free-usage services with signup urls" classname="com.inspiredandroid.kai.network.FreeProviderSuggestionsTriggerTest" time="0.001"/>
  <testcase name="kai9000 all free providers failed message shows suggestions" classname="com.inspiredandroid.kai.network.FreeProviderSuggestionsTriggerTest" time="0.001"/>
  <testcase name="quota exhausted with no services shows free provider suggestions" classname="com.inspiredandroid.kai.network.FreeProviderSuggestionsTriggerTest" time="0.0"/>
  <system-out><![CDATA[]]></system-out>
  <system-err><![CDATA[]]></system-err>
</testsuite>
