<?xml version="1.0" encoding="UTF-8"?>
<testsuite name="com.inspiredandroid.kai.ui.settings.SandboxViewModelTest" tests="15" skipped="0" failures="0" errors="0" timestamp="2026-08-18T00:35:28.694Z" hostname="db71298c03d4" time="0.021">
  <properties/>
  <testcase name="onMigrateHome delegates to controller" classname="com.inspiredandroid.kai.ui.settings.SandboxViewModelTest" time="0.002"/>
  <testcase name="onResetSandbox delegates to controller" classname="com.inspiredandroid.kai.ui.settings.SandboxViewModelTest" time="0.001"/>
  <testcase name="installed distributions flow into state for the picker" classname="com.inspiredandroid.kai.ui.settings.SandboxViewModelTest" time="0.001"/>
  <testcase name="onSelectDistro is ignored while an install is running" classname="com.inspiredandroid.kai.ui.settings.SandboxViewModelTest" time="0.002"/>
  <testcase name="initial state reflects sandbox enabled flag from repository" classname="com.inspiredandroid.kai.ui.settings.SandboxViewModelTest" time="0.001"/>
  <testcase name="onSelectDistro persists the choice before anything is installed" classname="com.inspiredandroid.kai.ui.settings.SandboxViewModelTest" time="0.002"/>
  <testcase name="onToggleSandbox persists to repository" classname="com.inspiredandroid.kai.ui.settings.SandboxViewModelTest" time="0.002"/>
  <testcase name="onSetupSandbox delegates to controller" classname="com.inspiredandroid.kai.ui.settings.SandboxViewModelTest" time="0.001"/>
  <testcase name="onInstallPackages delegates to controller" classname="com.inspiredandroid.kai.ui.settings.SandboxViewModelTest" time="0.0"/>
  <testcase name="installed distro from the controller wins over the stored setting" classname="com.inspiredandroid.kai.ui.settings.SandboxViewModelTest" time="0.002"/>
  <testcase name="controller error status flows into hasError" classname="com.inspiredandroid.kai.ui.settings.SandboxViewModelTest" time="0.001"/>
  <testcase name="controller status updates flow into state" classname="com.inspiredandroid.kai.ui.settings.SandboxViewModelTest" time="0.001"/>
  <testcase name="a pending migration flows into state so the card can offer it" classname="com.inspiredandroid.kai.ui.settings.SandboxViewModelTest" time="0.002"/>
  <testcase name="onCancelSandbox delegates to controller" classname="com.inspiredandroid.kai.ui.settings.SandboxViewModelTest" time="0.001"/>
  <testcase name="onSelectDistro re-points the sandbox once a rootfs exists" classname="com.inspiredandroid.kai.ui.settings.SandboxViewModelTest" time="0.001"/>
  <system-out><![CDATA[]]></system-out>
  <system-err><![CDATA[]]></system-err>
</testsuite>
