<?xml version="1.0" encoding="UTF-8"?>
<testsuite name="com.inspiredandroid.kai.inference.LocalModelCatalogTest" tests="2" skipped="0" failures="0" errors="0" timestamp="2026-08-18T00:35:27.536Z" hostname="db71298c03d4" time="0.004">
  <properties/>
  <testcase name="catalogPinsImmutableHuggingFaceCommits" classname="com.inspiredandroid.kai.inference.LocalModelCatalogTest" time="0.003"/>
  <testcase name="recommendedModelIsInCatalog" classname="com.inspiredandroid.kai.inference.LocalModelCatalogTest" time="0.001"/>
  <system-out><![CDATA[]]></system-out>
  <system-err><![CDATA[]]></system-err>
</testsuite>
