<?xml version="1.0" encoding="UTF-8"?>
<testsuite name="com.inspiredandroid.kai.network.UiErrorTest" tests="14" skipped="0" failures="0" errors="0" timestamp="2026-08-18T00:35:27.579Z" hostname="db71298c03d4" time="0.159">
  <properties/>
  <testcase name="BadRequest with detail maps to ResourceWithDetail" classname="com.inspiredandroid.kai.network.UiErrorTest" time="0.143"/>
  <testcase name="InsufficientMemoryException maps to resource" classname="com.inspiredandroid.kai.network.UiErrorTest" time="0.012"/>
  <testcase name="Timeout maps to Resource" classname="com.inspiredandroid.kai.network.UiErrorTest" time="0.0"/>
  <testcase name="NoModelDownloadedException maps to resource" classname="com.inspiredandroid.kai.network.UiErrorTest" time="0.001"/>
  <testcase name="IllegalStateException with message surfaces as UiError Text" classname="com.inspiredandroid.kai.network.UiErrorTest" time="0.001"/>
  <testcase name="exception with blank message falls back to error_unknown resource" classname="com.inspiredandroid.kai.network.UiErrorTest" time="0.0"/>
  <testcase name="ServiceUnavailable maps to Resource" classname="com.inspiredandroid.kai.network.UiErrorTest" time="0.001"/>
  <testcase name="exception with null message falls back to error_unknown resource" classname="com.inspiredandroid.kai.network.UiErrorTest" time="0.0"/>
  <testcase name="InferenceTimeoutException maps to resource" classname="com.inspiredandroid.kai.network.UiErrorTest" time="0.0"/>
  <testcase name="ContentModeration with detail maps to ResourceWithDetail" classname="com.inspiredandroid.kai.network.UiErrorTest" time="0.0"/>
  <testcase name="GenericNetworkException surfaces message as Text" classname="com.inspiredandroid.kai.network.UiErrorTest" time="0.0"/>
  <testcase name="ContentModeration without detail maps to Resource" classname="com.inspiredandroid.kai.network.UiErrorTest" time="0.0"/>
  <testcase name="ProviderError with detail maps to ResourceWithDetail" classname="com.inspiredandroid.kai.network.UiErrorTest" time="0.001"/>
  <testcase name="known API exceptions still map to their specific resources" classname="com.inspiredandroid.kai.network.UiErrorTest" time="0.0"/>
  <system-out><![CDATA[]]></system-out>
  <system-err><![CDATA[]]></system-err>
</testsuite>
