<?xml version="1.0" encoding="UTF-8"?>
<testsuite name="com.inspiredandroid.kai.gateway.UsageRecorderTest" tests="6" skipped="0" failures="0" errors="0" timestamp="2026-08-18T00:35:13.202Z" hostname="db71298c03d4" time="14.332">
  <properties/>
  <testcase name="monthly budget check works" classname="com.inspiredandroid.kai.gateway.UsageRecorderTest" time="0.002"/>
  <testcase name="empty recorder has zero usage" classname="com.inspiredandroid.kai.gateway.UsageRecorderTest" time="0.0"/>
  <testcase name="many records persist without loss" classname="com.inspiredandroid.kai.gateway.UsageRecorderTest" time="0.026"/>
  <testcase name="recorded request appears in today window" classname="com.inspiredandroid.kai.gateway.UsageRecorderTest" time="0.0"/>
  <testcase name="history is capped at max records" classname="com.inspiredandroid.kai.gateway.UsageRecorderTest" time="14.304"/>
  <testcase name="failed requests do not count toward cost" classname="com.inspiredandroid.kai.gateway.UsageRecorderTest" time="0.0"/>
  <system-out><![CDATA[]]></system-out>
  <system-err><![CDATA[]]></system-err>
</testsuite>
