<?xml version="1.0" encoding="UTF-8"?>
<testsuite name="com.inspiredandroid.kai.ui.dynamicui.KaiUiParserTest" tests="86" skipped="0" failures="0" errors="0" timestamp="2026-08-18T00:35:28.264Z" hostname="db71298c03d4" time="0.08">
  <properties/>
  <testcase name="closes object before next array element when LLM omits brace" classname="com.inspiredandroid.kai.ui.dynamicui.KaiUiParserTest" time="0.011"/>
  <testcase name="infers text node from object with text field but no type" classname="com.inspiredandroid.kai.ui.dynamicui.KaiUiParserTest" time="0.003"/>
  <testcase name="legacy spacer nodes and spacing fields are silently dropped" classname="com.inspiredandroid.kai.ui.dynamicui.KaiUiParserTest" time="0.002"/>
  <testcase name="wraps untyped objects inside list items as text nodes" classname="com.inspiredandroid.kai.ui.dynamicui.KaiUiParserTest" time="0.002"/>
  <testcase name="parses slider node" classname="com.inspiredandroid.kai.ui.dynamicui.KaiUiParserTest" time="0.001"/>
  <testcase name="open url action" classname="com.inspiredandroid.kai.ui.dynamicui.KaiUiParserTest" time="0.002"/>
  <testcase name="parses icon node" classname="com.inspiredandroid.kai.ui.dynamicui.KaiUiParserTest" time="0.002"/>
  <testcase name="coerces text value as object with nested text field" classname="com.inspiredandroid.kai.ui.dynamicui.KaiUiParserTest" time="0.0"/>
  <testcase name="callback action with collectFrom" classname="com.inspiredandroid.kai.ui.dynamicui.KaiUiParserTest" time="0.0"/>
  <testcase name="infers text node from object with title only but no type" classname="com.inspiredandroid.kai.ui.dynamicui.KaiUiParserTest" time="0.001"/>
  <testcase name="parses button with text variant" classname="com.inspiredandroid.kai.ui.dynamicui.KaiUiParserTest" time="0.001"/>
  <testcase name="parses code node" classname="com.inspiredandroid.kai.ui.dynamicui.KaiUiParserTest" time="0.001"/>
  <testcase name="parses badge node" classname="com.inspiredandroid.kai.ui.dynamicui.KaiUiParserTest" time="0.002"/>
  <testcase name="parses avatar node with image url" classname="com.inspiredandroid.kai.ui.dynamicui.KaiUiParserTest" time="0.001"/>
  <testcase name="parses text node" classname="com.inspiredandroid.kai.ui.dynamicui.KaiUiParserTest" time="0.008"/>
  <testcase name="parses progress node determinate" classname="com.inspiredandroid.kai.ui.dynamicui.KaiUiParserTest" time="0.001"/>
  <testcase name="infers column from object with title and subtitle but no type" classname="com.inspiredandroid.kai.ui.dynamicui.KaiUiParserTest" time="0.0"/>
  <testcase name="parses avatar node" classname="com.inspiredandroid.kai.ui.dynamicui.KaiUiParserTest" time="0.001"/>
  <testcase name="parses quote node" classname="com.inspiredandroid.kai.ui.dynamicui.KaiUiParserTest" time="0.001"/>
  <testcase name="coerces button label as object with label field" classname="com.inspiredandroid.kai.ui.dynamicui.KaiUiParserTest" time="0.0"/>
  <testcase name="parses countdown node with action" classname="com.inspiredandroid.kai.ui.dynamicui.KaiUiParserTest" time="0.003"/>
  <testcase name="handles multiple extra trailing braces" classname="com.inspiredandroid.kai.ui.dynamicui.KaiUiParserTest" time="0.0"/>
  <testcase name="recovers truncated JSON mid-value in nested object" classname="com.inspiredandroid.kai.ui.dynamicui.KaiUiParserTest" time="0.0"/>
  <testcase name="coerces select options as list of objects" classname="com.inspiredandroid.kai.ui.dynamicui.KaiUiParserTest" time="0.002"/>
  <testcase name="multi-line skips malformed line and renders the rest" classname="com.inspiredandroid.kai.ui.dynamicui.KaiUiParserTest" time="0.001"/>
  <testcase name="parses list items with content field instead of type" classname="com.inspiredandroid.kai.ui.dynamicui.KaiUiParserTest" time="0.0"/>
  <testcase name="coerces untyped action object with targetId as toggle" classname="com.inspiredandroid.kai.ui.dynamicui.KaiUiParserTest" time="0.001"/>
  <testcase name="preserves style fields when wrapping untyped object in children" classname="com.inspiredandroid.kai.ui.dynamicui.KaiUiParserTest" time="0.0"/>
  <testcase name="parses countdown node" classname="com.inspiredandroid.kai.ui.dynamicui.KaiUiParserTest" time="0.0"/>
  <testcase name="flattens array value to string when primitive expected" classname="com.inspiredandroid.kai.ui.dynamicui.KaiUiParserTest" time="0.0"/>
  <testcase name="parses kai-ui block when body and closing fence share line with newline before body" classname="com.inspiredandroid.kai.ui.dynamicui.KaiUiParserTest" time="0.0"/>
  <testcase name="coerces quote text as object" classname="com.inspiredandroid.kai.ui.dynamicui.KaiUiParserTest" time="0.0"/>
  <testcase name="coerces radio group options as list of objects" classname="com.inspiredandroid.kai.ui.dynamicui.KaiUiParserTest" time="0.002"/>
  <testcase name="parses alert node" classname="com.inspiredandroid.kai.ui.dynamicui.KaiUiParserTest" time="0.002"/>
  <testcase name="recovers truncated JSON mid-key" classname="com.inspiredandroid.kai.ui.dynamicui.KaiUiParserTest" time="0.0"/>
  <testcase name="callback data with non-string values" classname="com.inspiredandroid.kai.ui.dynamicui.KaiUiParserTest" time="0.0"/>
  <testcase name="fixes equals sign instead of colon in key-value separator" classname="com.inspiredandroid.kai.ui.dynamicui.KaiUiParserTest" time="0.001"/>
  <testcase name="parses accordion node" classname="com.inspiredandroid.kai.ui.dynamicui.KaiUiParserTest" time="0.002"/>
  <testcase name="invalid json produces error segment" classname="com.inspiredandroid.kai.ui.dynamicui.KaiUiParserTest" time="0.001"/>
  <testcase name="parses progress node indeterminate" classname="com.inspiredandroid.kai.ui.dynamicui.KaiUiParserTest" time="0.0"/>
  <testcase name="parses image with snake_case aspect_ratio" classname="com.inspiredandroid.kai.ui.dynamicui.KaiUiParserTest" time="0.001"/>
  <testcase name="coerces nested objects in CallbackAction data to primitives" classname="com.inspiredandroid.kai.ui.dynamicui.KaiUiParserTest" time="0.0"/>
  <testcase name="parses complex nested kai-ui from kimi model" classname="com.inspiredandroid.kai.ui.dynamicui.KaiUiParserTest" time="0.002"/>
  <testcase name="coerces untyped action object with event as callback" classname="com.inspiredandroid.kai.ui.dynamicui.KaiUiParserTest" time="0.0"/>
  <testcase name="migrates image src to url" classname="com.inspiredandroid.kai.ui.dynamicui.KaiUiParserTest" time="0.0"/>
  <testcase name="single-line column with extra closing brace in children" classname="com.inspiredandroid.kai.ui.dynamicui.KaiUiParserTest" time="0.001"/>
  <testcase name="coerces bare string action to callback" classname="com.inspiredandroid.kai.ui.dynamicui.KaiUiParserTest" time="0.0"/>
  <testcase name="no false positive on regular code blocks" classname="com.inspiredandroid.kai.ui.dynamicui.KaiUiParserTest" time="0.0"/>
  <testcase name="multi-line with extra closing brace in nested column from LLM" classname="com.inspiredandroid.kai.ui.dynamicui.KaiUiParserTest" time="0.001"/>
  <testcase name="parses radio_group node" classname="com.inspiredandroid.kai.ui.dynamicui.KaiUiParserTest" time="0.0"/>
  <testcase name="parses switch node" classname="com.inspiredandroid.kai.ui.dynamicui.KaiUiParserTest" time="0.001"/>
  <testcase name="extra closing bracket inside nested structure is skipped" classname="com.inspiredandroid.kai.ui.dynamicui.KaiUiParserTest" time="0.0"/>
  <testcase name="parses box node" classname="com.inspiredandroid.kai.ui.dynamicui.KaiUiParserTest" time="0.001"/>
  <testcase name="strips unknown child node from children" classname="com.inspiredandroid.kai.ui.dynamicui.KaiUiParserTest" time="0.001"/>
  <testcase name="detects kai-ui as plain text followed by untagged code block" classname="com.inspiredandroid.kai.ui.dynamicui.KaiUiParserTest" time="0.0"/>
  <testcase name="coerces text node bold and italic as strings" classname="com.inspiredandroid.kai.ui.dynamicui.KaiUiParserTest" time="0.0"/>
  <testcase name="parses image with aspectRatio" classname="com.inspiredandroid.kai.ui.dynamicui.KaiUiParserTest" time="0.0"/>
  <testcase name="infers text node from object with label but no type" classname="com.inspiredandroid.kai.ui.dynamicui.KaiUiParserTest" time="0.0"/>
  <testcase name="recovers truncated JSON after comma" classname="com.inspiredandroid.kai.ui.dynamicui.KaiUiParserTest" time="0.0"/>
  <testcase name="unknown top-level node type produces error block" classname="com.inspiredandroid.kai.ui.dynamicui.KaiUiParserTest" time="0.001"/>
  <testcase name="parses column with children" classname="com.inspiredandroid.kai.ui.dynamicui.KaiUiParserTest" time="0.0"/>
  <testcase name="interactive nodes require id" classname="com.inspiredandroid.kai.ui.dynamicui.KaiUiParserTest" time="0.001"/>
  <testcase name="parses quote node without source" classname="com.inspiredandroid.kai.ui.dynamicui.KaiUiParserTest" time="0.001"/>
  <testcase name="coerces chip group chips as bare strings" classname="com.inspiredandroid.kai.ui.dynamicui.KaiUiParserTest" time="0.001"/>
  <testcase name="coerces untyped action object with url as open_url" classname="com.inspiredandroid.kai.ui.dynamicui.KaiUiParserTest" time="0.0"/>
  <testcase name="wraps untyped objects inside children as text nodes" classname="com.inspiredandroid.kai.ui.dynamicui.KaiUiParserTest" time="0.0"/>
  <testcase name="select node with options" classname="com.inspiredandroid.kai.ui.dynamicui.KaiUiParserTest" time="0.0"/>
  <testcase name="coerces table rows as list of objects" classname="com.inspiredandroid.kai.ui.dynamicui.KaiUiParserTest" time="0.001"/>
  <testcase name="migrates legacy multiSelect to selection" classname="com.inspiredandroid.kai.ui.dynamicui.KaiUiParserTest" time="0.0"/>
  <testcase name="coerces chip label and value when sent as objects" classname="com.inspiredandroid.kai.ui.dynamicui.KaiUiParserTest" time="0.0"/>
  <testcase name="legacy image without aspectRatio has null" classname="com.inspiredandroid.kai.ui.dynamicui.KaiUiParserTest" time="0.0"/>
  <testcase name="coerces table headers as list of objects" classname="com.inspiredandroid.kai.ui.dynamicui.KaiUiParserTest" time="0.0"/>
  <testcase name="detects kai-ui blocks" classname="com.inspiredandroid.kai.ui.dynamicui.KaiUiParserTest" time="0.0"/>
  <testcase name="coerces tab label when sent as object" classname="com.inspiredandroid.kai.ui.dynamicui.KaiUiParserTest" time="0.002"/>
  <testcase name="parses button with tonal variant" classname="com.inspiredandroid.kai.ui.dynamicui.KaiUiParserTest" time="0.0"/>
  <testcase name="parses chip_group node" classname="com.inspiredandroid.kai.ui.dynamicui.KaiUiParserTest" time="0.001"/>
  <testcase name="coerces string booleans for known boolean fields" classname="com.inspiredandroid.kai.ui.dynamicui.KaiUiParserTest" time="0.0"/>
  <testcase name="parses stat node" classname="com.inspiredandroid.kai.ui.dynamicui.KaiUiParserTest" time="0.001"/>
  <testcase name="toggle action" classname="com.inspiredandroid.kai.ui.dynamicui.KaiUiParserTest" time="0.0"/>
  <testcase name="parses multi-line JSON objects as column" classname="com.inspiredandroid.kai.ui.dynamicui.KaiUiParserTest" time="0.0"/>
  <testcase name="parses image with integer aspectRatio" classname="com.inspiredandroid.kai.ui.dynamicui.KaiUiParserTest" time="0.0"/>
  <testcase name="multiple ui blocks in one message" classname="com.inspiredandroid.kai.ui.dynamicui.KaiUiParserTest" time="0.001"/>
  <testcase name="handles extra trailing braces from LLM" classname="com.inspiredandroid.kai.ui.dynamicui.KaiUiParserTest" time="0.0"/>
  <testcase name="detects kai-ui as plain text followed by json code block" classname="com.inspiredandroid.kai.ui.dynamicui.KaiUiParserTest" time="0.0"/>
  <testcase name="parses button with outlined variant" classname="com.inspiredandroid.kai.ui.dynamicui.KaiUiParserTest" time="0.0"/>
  <testcase name="parses tabs node" classname="com.inspiredandroid.kai.ui.dynamicui.KaiUiParserTest" time="0.0"/>
  <system-out><![CDATA[kai-ui parse error: failed to deserialize line | {invalid json here}
kai-ui parse error: Unexpected JSON token at offset 1: Expected quotation mark '"', but had 'i' instead at path: $
JSON input: {invalid json} | {invalid json}
]]></system-out>
  <system-err><![CDATA[]]></system-err>
</testsuite>
