<?xml version="1.0" encoding="UTF-8"?>
<testsuite name="com.inspiredandroid.kai.ui.build.KaiBuildViewModelTest" tests="5" skipped="0" failures="0" errors="0" timestamp="2026-08-18T00:35:28.029Z" hostname="db71298c03d4" time="0.047">
  <properties/>
  <testcase name="setLaunchAgent persists the choice" classname="com.inspiredandroid.kai.ui.build.KaiBuildViewModelTest" time="0.039"/>
  <testcase name="launch agent is restored on the next app start" classname="com.inspiredandroid.kai.ui.build.KaiBuildViewModelTest" time="0.003"/>
  <testcase name="picking the shell again clears the stored agent" classname="com.inspiredandroid.kai.ui.build.KaiBuildViewModelTest" time="0.001"/>
  <testcase name="a remembered agent that is no longer installed falls back to a shell" classname="com.inspiredandroid.kai.ui.build.KaiBuildViewModelTest" time="0.003"/>
  <testcase name="deleting and renaming reach the environment" classname="com.inspiredandroid.kai.ui.build.KaiBuildViewModelTest" time="0.001"/>
  <system-out><![CDATA[]]></system-out>
  <system-err><![CDATA[]]></system-err>
</testsuite>
